<?xml version="1.0" encoding="UTF-8"?>
<testsuite xmlns:xsi="http://www.w3.org/2001/XMLSchema-instance" xsi:noNamespaceSchemaLocation="https://maven.apache.org/surefire/maven-surefire-plugin/xsd/surefire-test-report-3.0.xsd" version="3.0" name="com.yourdomain.booking.BookingManagerTest" time="0.242" tests="3" errors="0" skipped="0" failures="0">
  <properties>
[...]
</properties>
  <testcase name="testGetAllBookings" classname="com.yourdomain.booking.BookingManagerTest" time="0.202">
    <system-out><![CDATA[Database has been initialized.
]]></system-out>
  </testcase>
  <testcase name="testDatabaseEntry" classname="com.yourdomain.booking.BookingManagerTest" time="0.012">
    <system-out><![CDATA[Database has been initialized.
]]></system-out>
  </testcase>
  <testcase name="testAddBooking" classname="com.yourdomain.booking.BookingManagerTest" time="0.014">
    <system-out><![CDATA[Database has been initialized.
]]></system-out>
  </testcase>
</testsuite>